<?xml version="1.0" encoding="UTF-8"?>
<!-- Generated by org.testng.reporters.JUnitXMLReporter -->
<testsuite ignored="3" hostname="DESKTOP-4F8FUIK" failures="0" tests="2" name="Default test" time="0.293" errors="0" timestamp="2022-11-01T15:00:40 IST">
  <testcase classname="com.supermarket_tests.BaseClass" name="@BeforeClass beforeClass" time="-1.667295040107E9">
    <failure type="org.testng.TestNGException" message="
Parameter &amp;apos;browser&amp;apos; is required by BeforeClass on method beforeClass but has not been marked @Optional or defined
in C:\Users\lenovo\AppData\Local\Temp\testng-eclipse--889889798\testng-customsuite.xml">
      <![CDATA[org.testng.TestNGException: 
Parameter 'browser' is required by BeforeClass on method beforeClass but has not been marked @Optional or defined
in C:\Users\lenovo\AppData\Local\Temp\testng-eclipse--889889798\testng-customsuite.xml
at org.testng.internal.Parameters.createParams(Parameters.java:267)
at org.testng.internal.Parameters.createParametersForMethod(Parameters.java:355)
at org.testng.internal.Parameters.createParameters(Parameters.java:684)
at org.testng.internal.Parameters.createConfigurationParameters(Parameters.java:166)
at org.testng.internal.invokers.ConfigInvoker.invokeConfigurations(ConfigInvoker.java:277)
at org.testng.internal.invokers.TestMethodWorker.invokeBeforeClassMethods(TestMethodWorker.java:180)
at org.testng.internal.invokers.TestMethodWorker.run(TestMethodWorker.java:122)
at java.base/java.util.ArrayList.forEach(ArrayList.java:1511)
at org.testng.TestRunner.privateRun(TestRunner.java:806)
at org.testng.TestRunner.run(TestRunner.java:601)
at org.testng.SuiteRunner.runTest(SuiteRunner.java:433)
at org.testng.SuiteRunner.runSequentially(SuiteRunner.java:427)
at org.testng.SuiteRunner.privateRun(SuiteRunner.java:387)
at org.testng.SuiteRunner.run(SuiteRunner.java:330)
at org.testng.SuiteRunnerWorker.runSuite(SuiteRunnerWorker.java:52)
at org.testng.SuiteRunnerWorker.run(SuiteRunnerWorker.java:95)
at org.testng.TestNG.runSuitesSequentially(TestNG.java:1256)
at org.testng.TestNG.runSuitesLocally(TestNG.java:1176)
at org.testng.TestNG.runSuites(TestNG.java:1099)
at org.testng.TestNG.run(TestNG.java:1067)
at org.testng.remote.AbstractRemoteTestNG.run(AbstractRemoteTestNG.java:115)
at org.testng.remote.RemoteTestNG.initAndRun(RemoteTestNG.java:251)
at org.testng.remote.RemoteTestNG.main(RemoteTestNG.java:77)
]]>
    </failure>
  </testcase> <!-- @BeforeClass beforeClass -->
  <testcase classname="com.supermarket_tests.ManageSliderTest" name="manageSlider" time="0.0">
    <skipped/>
  </testcase> <!-- manageSlider -->
  <testcase classname="com.supermarket_tests.ManageSliderTest" name="statusActive" time="0.0">
    <skipped/>
  </testcase> <!-- statusActive -->
  <testcase classname="com.supermarket_tests.ManageSliderTest" name="editTest" time="0.0">
    <ignored/>
  </testcase> <!-- editTest -->
  <testcase classname="com.supermarket_tests.ManageSliderTest" name="statusInactive" time="0.0">
    <ignored/>
  </testcase> <!-- statusInactive -->
  <testcase classname="com.supermarket_tests.ManageSliderTest" name="addSliderTest" time="0.0">
    <ignored/>
  </testcase> <!-- addSliderTest -->
</testsuite> <!-- Default test -->
